c1107d018024
 ▶ Log message source details
[2026-03-11, 15:43:04 UTC] {local_task_job_runner.py:123} ▼ Pre task execution logs
[2026-03-11, 15:43:04 UTC] {taskinstance.py:2631} INFO - Dependencies all met for dep_context=non-requeueable deps ti=<TaskInstance: echovita_pipeline.run_consolidation manual__2026-03-11T15:40:26.127979+00:00 [queued]>
[2026-03-11, 15:43:04 UTC] {taskinstance.py:2631} INFO - Dependencies all met for dep_context=requeueable deps ti=<TaskInstance: echovita_pipeline.run_consolidation manual__2026-03-11T15:40:26.127979+00:00 [queued]>
[2026-03-11, 15:43:04 UTC] {taskinstance.py:2884} INFO - Starting attempt 1 of 3
[2026-03-11, 15:43:04 UTC] {taskinstance.py:2907} INFO - Executing <Task(_PythonDecoratedOperator): run_consolidation> on 2026-03-11 15:40:26.127979+00:00
[2026-03-11, 15:43:04 UTC] {logging_mixin.py:190} WARNING - /usr/local/lib/python3.12/site-packages/airflow/task/task_runner/standard_task_runner.py:70 DeprecationWarning: This process (pid=213) is multi-threaded, use of fork() may lead to deadlocks in the child.
[2026-03-11, 15:43:04 UTC] {standard_task_runner.py:104} INFO - Running: ['airflow', 'tasks', 'run', 'echovita_pipeline', 'run_consolidation', 'manual__2026-03-11T15:40:26.127979+00:00', '--job-id', '111', '--raw', '--subdir', 'DAGS_FOLDER/echovita_pipeline_dag.py', '--cfg-path', '/tmp/tmpuletg2_h']
[2026-03-11, 15:43:04 UTC] {standard_task_runner.py:72} INFO - Started process 214 to run task
[2026-03-11, 15:43:04 UTC] {standard_task_runner.py:105} INFO - Job 111: Subtask run_consolidation
[2026-03-11, 15:43:04 UTC] {task_command.py:467} INFO - Running <TaskInstance: echovita_pipeline.run_consolidation manual__2026-03-11T15:40:26.127979+00:00 [running]> on host c1107d018024
[2026-03-11, 15:43:04 UTC] {taskinstance.py:3157} INFO - Exporting env vars: AIRFLOW_CTX_DAG_OWNER='Andres Marciales' AIRFLOW_CTX_DAG_ID='echovita_pipeline' AIRFLOW_CTX_TASK_ID='run_consolidation' AIRFLOW_CTX_EXECUTION_DATE='2026-03-11T15:40:26.127979+00:00' AIRFLOW_CTX_TRY_NUMBER='1' AIRFLOW_CTX_DAG_RUN_ID='manual__2026-03-11T15:40:26.127979+00:00'
[2026-03-11, 15:43:04 UTC] {taskinstance.py:740} ▲▲▲ Log group end
[2026-03-11, 15:43:05 UTC] {logging_mixin.py:190} INFO - Consolidation complete: /usr/local/airflow/include/outputs/consolidated_persons.csv
[2026-03-11, 15:43:05 UTC] {python.py:240} INFO - Done. Returned value was: /usr/local/airflow/include/outputs/consolidated_persons.csv
[2026-03-11, 15:43:05 UTC] {taskinstance.py:349} ▼ Post task execution logs
[2026-03-11, 15:43:05 UTC] {taskinstance.py:361} INFO - Marking task as SUCCESS. dag_id=echovita_pipeline, task_id=run_consolidation, run_id=manual__2026-03-11T15:40:26.127979+00:00, execution_date=20260311T154026, start_date=20260311T154304, end_date=20260311T154305
[2026-03-11, 15:43:05 UTC] {local_task_job_runner.py:266} INFO - Task exited with return code 0
[2026-03-11, 15:43:05 UTC] {taskinstance.py:3924} INFO - 1 downstream tasks scheduled from follow-on schedule check
[2026-03-11, 15:43:05 UTC] {local_task_job_runner.py:245} ▲▲▲ Log group end